C51 COMPILER V9.56.0.0   DS1302                                                            05/22/2022 09:18:48 PAGE 1   


C51 COMPILER V9.56.0.0, COMPILATION OF MODULE DS1302
OBJECT MODULE PLACED IN .\Objects\Ds1302.obj
COMPILER INVOKED BY: D:\software_install\Keil_v5\C51\BIN\C51.EXE Ds1302.c LARGE OPTIMIZE(8,SPEED) BROWSE DEBUG OBJECTEXT
                    -END PRINT(.\Listings\Ds1302.lst) TABS(2) OBJECT(.\Objects\Ds1302.obj)

line level    source

   1          //Ds1302驱动
   2          #include <Ds1302.h>
   3          #include <intrins.h>
   4          //用来记录时间
   5          unsigned char xdata sec,min,hour,day,month,year;
   6          unsigned char bdata time_rx;
   7          sbit time_rx7=time_rx^7;
   8          void Delaylong(unsigned int ch)   //@11.0592MHz延时任意微妙
   9          {
  10   1        unsigned int j;
  11   1        for(j=0;j<ch;j++){
  12   2        _nop_();
  13   2        _nop_();
  14   2        _nop_();
  15   2        }
  16   1      }
  17          
  18          //写一个字节
  19          void time_wite_1(unsigned char TBuffer){
  20   1        unsigned char i;  
  21   1        for(i=0;i<8;i++)
  22   1          {
  23   2            DS_IO=0;
  24   2            DS_SCLK=0;
  25   2            if(TBuffer&0x01){
  26   3              DS_IO=1;
  27   3            }
  28   2            TBuffer=TBuffer>>1;
  29   2            DS_SCLK=1;
  30   2          }
  31   1          DS_SCLK=0;
  32   1      }
  33          //1302写入数据
  34          void v_W1302(unsigned char ucAddr,unsigned char ucDa){
  35   1          DS_RESET=0;
  36   1          DS_SCLK=0;
  37   1          DS_RESET=1;
  38   1          time_wite_1(ucAddr);
  39   1          _nop_();
  40   1          _nop_();
  41   1          time_wite_1(ucDa);
  42   1          DS_SCLK=1;
  43   1          DS_RESET=0; 
  44   1      }
  45          //初始化1302时间
  46          void Write_DS1302Init(unsigned char *ptr){
  47   1        unsigned char i;
  48   1        unsigned char addr=0x80;
  49   1        
  50   1        v_W1302(0x8e,0x00);//允许写入数据
  51   1        
  52   1        for(i=7;i>0;i--){
  53   2          v_W1302(addr,*ptr++);
  54   2          addr+=2;
C51 COMPILER V9.56.0.0   DS1302                                                            05/22/2022 09:18:48 PAGE 2   

  55   2        }
  56   1        
  57   1        v_W1302(0x8e,0x80);//禁止写入数据
  58   1      }
  59          //读一个字节
  60          unsigned char time_read_1(){
  61   1        unsigned char i;
  62   1        DS_IO=1;
  63   1        for(i=0;i<8;i++){
  64   2        DS_SCLK=0;
  65   2        time_rx=time_rx>>1;
  66   2        time_rx7=DS_IO;
  67   2        DS_SCLK=1;
  68   2        }
  69   1        DS_SCLK=0;
  70   1        return time_rx;
  71   1      }
  72          //从1302读数据
  73          unsigned char uc_R1302(unsigned char ucAddr){
  74   1        unsigned char ucDa; 
  75   1        
  76   1        DS_RESET=0;
  77   1        DS_SCLK=0;
  78   1        DS_RESET=1; 
  79   1        
  80   1        time_wite_1(ucAddr);
  81   1        _nop_();
  82   1        _nop_();
  83   1        ucDa=time_read_1(); 
  84   1        
  85   1        DS_SCLK=1;
  86   1        DS_RESET=0;
  87   1        return ucDa;
  88   1      }
  89          //bcd码转16进制
  90          //0x27 bcd码 如果看成是无符号数 等于十进制39
  91          //0x1b dec   如果看成是无符号数 等于十进制27  
  92          unsigned char bcdtodec(unsigned char bcd){
  93   1        unsigned char data1;
  94   1        data1=bcd & 0x0f;//取低四位
  95   1        bcd=bcd & 0x70;
  96   1        
  97   1        data1 += bcd>>1;
  98   1        data1 += bcd>>3;
  99   1        
 100   1        return data1;
 101   1      }
 102          //
 103          void Run_DS1302(){
 104   1        v_W1302(0x8f,0);//允许写入
 105   1        sec=bcdtodec(uc_R1302(0x81));//读秒
 106   1        v_W1302(0x8f,0);//允许写入
 107   1        min=bcdtodec(uc_R1302(0x83));//读分
 108   1        v_W1302(0x8f,0);//允许写入
 109   1        hour=bcdtodec(uc_R1302(0x85));//读小时
 110   1        v_W1302(0x8f,0);//允许写入
 111   1        day=bcdtodec(uc_R1302(0x87));//读日
 112   1        v_W1302(0x8f,0);//允许写入
 113   1        month=bcdtodec(uc_R1302(0x89));//读月
 114   1        v_W1302(0x8f,0);//允许写入
 115   1        year=bcdtodec(uc_R1302(0x8d));//读年
 116   1      }
C51 COMPILER V9.56.0.0   DS1302                                                            05/22/2022 09:18:48 PAGE 3   

 117          
 118          //复位ds1302
 119          void DS1302Reset(){
 120   1        DS_SCLK=0;
 121   1        Delaylong(100);
 122   1        DS_SCLK=1;
 123   1        DS_RESET=0;
 124   1      }
 125          
 126          


MODULE INFORMATION:   STATIC OVERLAYABLE
   CODE SIZE        =    302    ----
   CONSTANT SIZE    =   ----    ----
   XDATA SIZE       =      6       4
   PDATA SIZE       =   ----    ----
   DATA SIZE        =      1    ----
   IDATA SIZE       =   ----    ----
   BIT SIZE         =   ----    ----
END OF MODULE INFORMATION.


C51 COMPILATION COMPLETE.  0 WARNING(S),  0 ERROR(S)
