C51 COMPILER V9.56.0.0   HC595                                                             05/24/2022 17:15:41 PAGE 1   


C51 COMPILER V9.56.0.0, COMPILATION OF MODULE HC595
OBJECT MODULE PLACED IN .\Objects\hc595.obj
COMPILER INVOKED BY: D:\software_install\Keil_v5\C51\BIN\C51.EXE hc595.c OPTIMIZE(8,SPEED) BROWSE DEBUG OBJECTEXTEND PRI
                    -NT(.\Listings\hc595.lst) TABS(2) OBJECT(.\Objects\hc595.obj)

line level    source

   1          #include "hc595.h"
   2          
   3          // 段选：dp、g、f、e、d、c、b、a --共阴
   4          unsigned char const LedData[]=
   5             {0xc0,0xf9,0xa4,0xb0,0x99,0x92,0x82,0xf8,0x80,0x90,0x88,0x83,0xc6,0xa1,0x86,0x8e,0xFF , 0x00, 0xbf,0x7f
             -};
   6          //  "0"  "1"  "2"  "3"  "4"  "5"  "6"  "7"  "8"   "9"  "A"  "B"  "C"  "D"  "E"  "F" "全灭" "全亮" "-"  "."
   7          
   8          // 位选：           CS1、CS2、CS3、CS4、CS5、CS6、CS7、CS8
   9          unsigned char const LedPos[]={0x01,0x02,0x04,0x08,0x10,0x20,0x40,0x80};
  10          
  11          //数码管延时
  12          void DelayCub(unsigned int xms)//11.0592
  13          {
  14   1        unsigned char i, j,k;
  15   1        for(k=xms; k>0; k--)
  16   1        {
  17   2          _nop_();_nop_();_nop_();
  18   2          i = 11;
  19   2          j = 190;
  20   2          do{
  21   3            while (--j);
  22   3          } while (--i);
  23   2        }
  24   1      }
  25          
  26          //发送一个字节的数据
  27          void Send_595(unsigned char dat)
  28          { 
  29   1        unsigned char i;
  30   1        for(i=0; i<8; i++)
  31   1        {
  32   2          dat <<= 1;
  33   2          P_HC595_SDA  = CY;//CY是进位标志，CY=0无进位 ，CY=1表示进位
  34   2          P_HC595_SRCLK = 1;//移位时钟线
  35   2          P_HC595_SRCLK = 0;
  36   2        }
  37   1      }
  38          
  39          //数码管显示函数
  40          void display(unsigned char pos,unsigned char dat)
  41          {
  42   1        Send_595(LedPos[pos]);//位选
  43   1        Send_595(LedData[dat]);//段选
  44   1        P_HC595_RCLK = 1; //锁存时钟线
  45   1        P_HC595_RCLK = 0;
  46   1          DelayCub(5);
  47   1      }
  48          
  49          


MODULE INFORMATION:   STATIC OVERLAYABLE
   CODE SIZE        =     67    ----
C51 COMPILER V9.56.0.0   HC595                                                             05/24/2022 17:15:41 PAGE 2   

   CONSTANT SIZE    =   ----    ----
   XDATA SIZE       =   ----    ----
   PDATA SIZE       =   ----    ----
   DATA SIZE        =     28    ----
   IDATA SIZE       =   ----    ----
   BIT SIZE         =   ----    ----
END OF MODULE INFORMATION.


C51 COMPILATION COMPLETE.  0 WARNING(S),  0 ERROR(S)
